06:36:05: Creating resource group General
06:36:05: Creating resource group Internal
06:36:05: Creating resource group Autodetect
06:36:05: SceneManagerFactory for type 'DefaultSceneManager' registered.
06:36:05: Registering ResourceManager for type Material
06:36:05: Registering ResourceManager for type Mesh
06:36:05: Registering ResourceManager for type Skeleton
06:36:05: MovableObjectFactory for type 'ParticleSystem' registered.
06:36:05: OverlayElementFactory for type Panel registered.
06:36:05: OverlayElementFactory for type BorderPanel registered.
06:36:05: OverlayElementFactory for type TextArea registered.
06:36:05: Registering ResourceManager for type Font
06:36:05: ArchiveFactory for archive type FileSystem registered.
06:36:05: ArchiveFactory for archive type Zip registered.
06:36:05: DDS codec registering
06:36:05: FreeImage version: 3.15.0
06:36:05: This program uses FreeImage, a free, open source image library supporting all common bitmap formats. See http://freeimage.sourceforge.net for details
06:36:05: Supported formats: bmp,ico,jpg,jif,jpeg,jpe,jng,koa,iff,lbm,mng,pbm,pbm,pcd,pcx,pgm,pgm,png,ppm,ppm,ras,tga,targa,tif,tiff,wap,wbmp,wbm,psd,cut,xbm,xpm,gif,hdr,g3,sgi,exr,j2k,j2c,jp2,pfm,pct,pict,pic,3fr,arw,bay,bmq,cap,cine,cr2,crw,cs1,dc2,dcr,drf,dsc,dng,erf,fff,ia,iiq,k25,kc2,kdc,mdc,mef,mos,mrw,nef,nrw,orf,pef,ptx,pxn,qtk,raf,raw,rdc,rw2,rwl,rwz,sr2,srf,sti
06:36:05: Registering ResourceManager for type HighLevelGpuProgram
06:36:05: Registering ResourceManager for type Compositor
06:36:05: MovableObjectFactory for type 'Entity' registered.
06:36:05: MovableObjectFactory for type 'Light' registered.
06:36:05: MovableObjectFactory for type 'BillboardSet' registered.
06:36:05: MovableObjectFactory for type 'ManualObject' registered.
06:36:05: MovableObjectFactory for type 'BillboardChain' registered.
06:36:05: MovableObjectFactory for type 'RibbonTrail' registered.
06:36:05: *-*-* OGRE Initialising
06:36:05: *-*-* Version 1.7.3 (Cthugha)
06:36:05: Installing plugin: GL RenderSystem
06:36:05: OpenGL Rendering Subsystem created.
06:36:05: Plugin successfully installed
06:36:05: Installing plugin: Octree & Terrain Scene Manager
06:36:05: Plugin successfully installed
06:36:05: CPU Identifier & Features
06:36:05: -------------------------
06:36:05:  *   CPU ID: GenuineIntel: Intel(R) Core(TM) i5-2557M CPU @ 1.70GHz
06:36:05:  *      SSE: yes
06:36:05:  *     SSE2: yes
06:36:05:  *     SSE3: yes
06:36:05:  *      MMX: yes
06:36:05:  *   MMXEXT: yes
06:36:05:  *    3DNOW: no
06:36:05:  * 3DNOWEXT: no
06:36:05:  *     CMOV: yes
06:36:05:  *      TSC: yes
06:36:05:  *      FPU: yes
06:36:05:  *      PRO: yes
06:36:05:  *       HT: no
06:36:05: -------------------------
06:36:05: ********************************************
***  Starting Mac OS X OpenGL Subsystem  ***
********************************************
06:36:05: Creating resource group HandRenderer RenderTexture Resources
06:36:05: Initialising resource group HandRenderer RenderTexture Resources
06:36:05: Parsing scripts for resource group HandRenderer RenderTexture Resources
06:36:05: Finished parsing scripts for resource group HandRenderer RenderTexture Resources
06:36:05: GLRenderSystem::_createRenderWindow "HandRenderer Window", 1x1 windowed  miscParams: macAPI=cocoa 
06:36:05: Creating a Cocoa Compatible Render System
06:36:05: GL_VERSION = 2.1 APPLE-7.14.5
06:36:05: GL_VENDOR = Intel Inc.
06:36:05: GL_RENDERER = Intel HD Graphics 3000 OpenGL Engine
06:36:05: GL_EXTENSIONS = GL_ARB_color_buffer_float GL_ARB_depth_buffer_float GL_ARB_depth_clamp GL_ARB_depth_texture GL_ARB_draw_buffers GL_ARB_draw_elements_base_vertex GL_ARB_draw_instanced GL_ARB_fragment_program GL_ARB_fragment_program_shadow GL_ARB_fragment_shader GL_ARB_framebuffer_object GL_ARB_framebuffer_sRGB GL_ARB_half_float_pixel GL_ARB_half_float_vertex GL_ARB_instanced_arrays GL_ARB_multisample GL_ARB_multitexture GL_ARB_occlusion_query GL_ARB_pixel_buffer_object GL_ARB_point_parameters GL_ARB_point_sprite GL_ARB_provoking_vertex GL_ARB_seamless_cube_map GL_ARB_shader_objects GL_ARB_shader_texture_lod GL_ARB_shading_language_100 GL_ARB_shadow GL_ARB_sync GL_ARB_texture_border_clamp GL_ARB_texture_compression GL_ARB_texture_compression_rgtc GL_ARB_texture_cube_map GL_ARB_texture_env_add GL_ARB_texture_env_combine GL_ARB_texture_env_crossbar GL_ARB_texture_env_dot3 GL_ARB_texture_float GL_ARB_texture_mirrored_repeat GL_ARB_texture_non_power_of_two GL_ARB_texture_rectangle GL_ARB_texture_rg GL_ARB_transpose_matrix GL_ARB_vertex_array_bgra GL_ARB_vertex_blend GL_ARB_vertex_buffer_object GL_ARB_vertex_program GL_ARB_vertex_shader GL_ARB_window_pos GL_EXT_abgr GL_EXT_bgra GL_EXT_blend_color GL_EXT_blend_equation_separate GL_EXT_blend_func_separate GL_EXT_blend_minmax GL_EXT_blend_subtract GL_EXT_clip_volume_hint GL_EXT_draw_buffers2 GL_EXT_draw_range_elements GL_EXT_fog_coord GL_EXT_framebuffer_blit GL_EXT_framebuffer_multisample GL_EXT_framebuffer_object GL_EXT_framebuffer_sRGB GL_EXT_geometry_shader4 GL_EXT_gpu_program_parameters GL_EXT_gpu_shader4 GL_EXT_multi_draw_arrays GL_EXT_packed_depth_stencil GL_EXT_packed_float GL_EXT_provoking_vertex GL_EXT_rescale_normal GL_EXT_secondary_color GL_EXT_separate_specular_color GL_EXT_shadow_funcs GL_EXT_stencil_two_side GL_EXT_stencil_wrap GL_EXT_texture_array GL_EXT_texture_compression_dxt1 GL_EXT_texture_compression_s3tc GL_EXT_texture_env_add GL_EXT_texture_filter_anisotropic GL_EXT_texture_integer GL_EXT_texture_lod_bias GL_EXT_texture_rectangle GL_EXT_texture_shared_exponent GL_EXT_texture_sRGB GL_EXT_texture_sRGB_decode GL_EXT_timer_query GL_EXT_transform_feedback GL_EXT_vertex_array_bgra GL_APPLE_aux_depth_stencil GL_APPLE_client_storage GL_APPLE_element_array GL_APPLE_fence GL_APPLE_float_pixels GL_APPLE_flush_buffer_range GL_APPLE_flush_render GL_APPLE_object_purgeable GL_APPLE_packed_pixels GL_APPLE_pixel_buffer GL_APPLE_rgb_422 GL_APPLE_row_bytes GL_APPLE_specular_vector GL_APPLE_texture_range GL_APPLE_transform_hint GL_APPLE_vertex_array_object GL_APPLE_vertex_array_range GL_APPLE_vertex_point_size GL_APPLE_vertex_program_evaluators GL_APPLE_ycbcr_422 GL_ATI_separate_stencil GL_ATI_texture_env_combine3 GL_ATI_texture_float GL_IBM_rasterpos_clip GL_NV_blend_square GL_NV_conditional_render GL_NV_depth_clamp GL_NV_fog_distance GL_NV_light_max_exponent GL_NV_texgen_reflection GL_SGIS_generate_mipmap GL_SGIS_texture_edge_clamp GL_SGIS_texture_lod 
06:36:05: ***************************
06:36:05: *** GL Renderer Started ***
06:36:05: ***************************
06:36:05: Registering ResourceManager for type GpuProgram
06:36:05: GLSL support detected
06:36:05: GL: Using GL_EXT_framebuffer_object for rendering to textures (best)
06:36:05: FBO PF_UNKNOWN depth/stencil support: D0S1 D0S4 D0S8 D0S16 D16S0 D24S0 D32S0 Packed-D24S8 
06:36:05: FBO PF_R5G6B5 depth/stencil support: D0S0 D0S1 D0S4 D0S8 D0S16 D16S0 D24S0 D32S0 Packed-D24S8 
06:36:05: FBO PF_B5G6R5 depth/stencil support: D0S0 D0S1 D0S4 D0S8 D0S16 D16S0 D24S0 D32S0 Packed-D24S8 
06:36:05: FBO PF_A4R4G4B4 depth/stencil support: D0S0 D0S1 D0S4 D0S8 D0S16 D16S0 D24S0 D32S0 Packed-D24S8 
06:36:05: FBO PF_A1R5G5B5 depth/stencil support: D0S0 D0S1 D0S4 D0S8 D0S16 D16S0 D24S0 D32S0 Packed-D24S8 
06:36:05: FBO PF_R8G8B8 depth/stencil support: D0S0 D0S1 D0S4 D0S8 D0S16 D16S0 D24S0 D32S0 Packed-D24S8 
06:36:05: FBO PF_B8G8R8 depth/stencil support: D0S0 D0S1 D0S4 D0S8 D0S16 D16S0 D24S0 D32S0 Packed-D24S8 
06:36:05: FBO PF_A8R8G8B8 depth/stencil support: D0S0 D0S1 D0S4 D0S8 D0S16 D16S0 D24S0 D32S0 Packed-D24S8 
06:36:05: FBO PF_B8G8R8A8 depth/stencil support: D0S0 D0S1 D0S4 D0S8 D0S16 D16S0 D24S0 D32S0 Packed-D24S8 
06:36:05: FBO PF_A2R10G10B10 depth/stencil support: D0S0 D0S1 D0S4 D0S8 D0S16 D16S0 D24S0 D32S0 Packed-D24S8 
06:36:05: FBO PF_A2B10G10R10 depth/stencil support: D0S0 D0S1 D0S4 D0S8 D0S16 D16S0 D24S0 D32S0 Packed-D24S8 
06:36:05: FBO PF_FLOAT16_RGB depth/stencil support: D0S0 D0S1 D0S4 D0S8 D0S16 D16S0 D24S0 D32S0 Packed-D24S8 
06:36:05: FBO PF_FLOAT16_RGBA depth/stencil support: D0S0 D0S1 D0S4 D0S8 D0S16 D16S0 D24S0 D32S0 Packed-D24S8 
06:36:05: FBO PF_FLOAT32_RGB depth/stencil support: D0S0 D0S1 D0S4 D0S8 D0S16 D16S0 D24S0 D32S0 Packed-D24S8 
06:36:05: FBO PF_FLOAT32_RGBA depth/stencil support: D0S0 D0S1 D0S4 D0S8 D0S16 D16S0 D24S0 D32S0 Packed-D24S8 
06:36:06: FBO PF_X8R8G8B8 depth/stencil support: D0S0 D0S1 D0S4 D0S8 D0S16 D16S0 D24S0 D32S0 Packed-D24S8 
06:36:06: FBO PF_X8B8G8R8 depth/stencil support: D0S0 D0S1 D0S4 D0S8 D0S16 D16S0 D24S0 D32S0 Packed-D24S8 
06:36:06: FBO PF_SHORT_RGBA depth/stencil support: D0S0 D0S1 D0S4 D0S8 D0S16 D16S0 D24S0 D32S0 Packed-D24S8 
06:36:06: FBO PF_R3G3B2 depth/stencil support: D0S0 D0S1 D0S4 D0S8 D0S16 D16S0 D24S0 D32S0 Packed-D24S8 
06:36:06: [GL] : Valid FBO targets PF_UNKNOWN PF_R5G6B5 PF_B5G6R5 PF_A4R4G4B4 PF_A1R5G5B5 PF_R8G8B8 PF_B8G8R8 PF_A8R8G8B8 PF_B8G8R8A8 PF_A2R10G10B10 PF_A2B10G10R10 PF_FLOAT16_RGB PF_FLOAT16_RGBA PF_FLOAT32_RGB PF_FLOAT32_RGBA PF_X8R8G8B8 PF_X8B8G8R8 PF_SHORT_RGBA PF_R3G3B2 
06:36:06: RenderSystem capabilities
06:36:06: -------------------------
06:36:06: RenderSystem Name: OpenGL Rendering Subsystem
06:36:06: GPU Vendor: intel
06:36:06: Device Name: Intel HD Graphics 3000 OpenGL Engine
06:36:06: Driver Version: 2.1.0.0
06:36:06:  * Fixed function pipeline: yes
06:36:06:  * Hardware generation of mipmaps: no
06:36:06:  * Texture blending: yes
06:36:06:  * Anisotropic texture filtering: yes
06:36:06:  * Dot product texture operation: yes
06:36:06:  * Cube mapping: yes
06:36:06:  * Hardware stencil buffer: yes
06:36:06:    - Stencil depth: 8
06:36:06:    - Two sided stencil support: yes
06:36:06:    - Wrap stencil values: yes
06:36:06:  * Hardware vertex / index buffers: yes
06:36:06:  * Vertex programs: yes
06:36:06:  * Number of floating-point constants for vertex programs: 1024
06:36:06:  * Number of integer constants for vertex programs: 0
06:36:06:  * Number of boolean constants for vertex programs: 0
06:36:06:  * Fragment programs: yes
06:36:06:  * Number of floating-point constants for fragment programs: 1024
06:36:06:  * Number of integer constants for fragment programs: 0
06:36:06:  * Number of boolean constants for fragment programs: 0
06:36:06:  * Geometry programs: yes
06:36:06:  * Number of floating-point constants for geometry programs: 32767
06:36:06:  * Number of integer constants for geometry programs: 0
06:36:06:  * Number of boolean constants for geometry programs: 0
06:36:06:  * Supported Shader Profiles: arbfp1 arbvp1 glsl gp4gp gpu_gp nvgp4
06:36:06:  * Texture Compression: yes
06:36:06:    - DXT: yes
06:36:06:    - VTC: no
06:36:06:    - PVRTC: no
06:36:06:  * Scissor Rectangle: yes
06:36:06:  * Hardware Occlusion Query: yes
06:36:06:  * User clip planes: yes
06:36:06:  * VET_UBYTE4 vertex element type: yes
06:36:06:  * Infinite far plane projection: yes
06:36:06:  * Hardware render-to-texture: yes
06:36:06:  * Floating point textures: yes
06:36:06:  * Non-power-of-two textures: yes
06:36:06:  * Volume textures: yes
06:36:06:  * Multiple Render Targets: 8
06:36:06:    - With different bit depths: yes
06:36:06:  * Point Sprites: yes
06:36:06:  * Extended point parameters: yes
06:36:06:  * Max Point Size: 64
06:36:06:  * Vertex texture fetch: yes
06:36:06:  * Number of world matrices: 0
06:36:06:  * Number of texture units: 16
06:36:06:  * Stencil buffer depth: 8
06:36:06:  * Number of vertex blend matrices: 0
06:36:06:    - Max vertex textures: 16
06:36:06:    - Vertex textures shared: yes
06:36:06:  * Render to Vertex Buffer : no
06:36:06:  * GL 1.5 without VBO workaround: no
06:36:06:  * Frame Buffer objects: yes
06:36:06:  * Frame Buffer objects (ARB extension): no
06:36:06:  * Frame Buffer objects (ATI extension): no
06:36:06:  * PBuffer support: yes
06:36:06:  * GL 1.5 without HW-occlusion workaround: no
06:36:06: Registering ResourceManager for type Texture
06:36:06: DefaultWorkQueue('Root') initialising on thread 0x104b24040.
06:36:06: DefaultWorkQueue('Root')::WorkerFunc - thread 0x7ff8f50050b0 starting.
06:36:06: DefaultWorkQueue('Root')::WorkerFunc - thread 0x7ff8f5037f30 starting.
06:36:06: DefaultWorkQueue('Root')::WorkerFunc - thread 0x7ff8f5038120 starting.
06:36:06: DefaultWorkQueue('Root')::WorkerFunc - thread 0x7ff8f5037d40 starting.
06:36:06: Particle Renderer Type 'billboard' registered
06:36:06: SceneManagerFactory for type 'OctreeSceneManager' registered.
06:36:06: SceneManagerFactory for type 'TerrainSceneManager' registered.
06:36:14: Creating resource group HandRenderer Scene Resources
06:36:14: Added resource location '/Users/marin/src/libhand/hand_model/ogre' of type 'FileSystem' to resource group 'HandRenderer Scene Resources'
06:36:14: Initialising resource group HandRenderer Scene Resources
06:36:14: Parsing scripts for resource group HandRenderer Scene Resources
06:36:14: Parsing script blackness.material
06:36:14: Parsing script skin.material
06:36:14: Finished parsing scripts for resource group HandRenderer Scene Resources
06:36:14: Loading resource group 'HandRenderer Scene Resources' - Resources: 1 World Geometry: 1
06:36:14: Texture: hand_texture.png: Loading 1 faces(PF_R8G8B8,2048x2048x1) with 11 generated mipmaps from Image. Internal format is PF_X8R8G8B8,2048x2048x1.
06:36:14: Finished loading resource group HandRenderer Scene Resources
06:36:14: [DotSceneLoader] Parsing dotScene file with version 1.0.1
06:36:14: Mesh: Loading hand.mesh.
06:36:14: Skeleton: Loading hand.skeleton
06:36:14: WARNING: the mesh 'hand.mesh' includes vertices with more than 4 bone assignments. The lowest weighted assignments beyond this limit have been removed, so your animation may look slightly different. To eliminate this, reduce the number of bone assignments per vertex on your mesh to 4.
06:36:37: DefaultWorkQueue('Root') shutting down on thread 0x104b24040.
06:36:37: DefaultWorkQueue('Root')::WorkerFunc - thread 0x7ff8f50050b0 stopped.
06:36:37: DefaultWorkQueue('Root')::WorkerFunc - thread 0x7ff8f5037f30 stopped.
06:36:37: DefaultWorkQueue('Root')::WorkerFunc - thread 0x7ff8f5038120 stopped.
06:36:37: DefaultWorkQueue('Root')::WorkerFunc - thread 0x7ff8f5037d40 stopped.
06:36:37: *-*-* OGRE Shutdown
06:36:37: Unregistering ResourceManager for type Compositor
06:36:37: Unregistering ResourceManager for type Font
06:36:37: Unregistering ResourceManager for type Skeleton
06:36:37: Unregistering ResourceManager for type Mesh
06:36:37: Unregistering ResourceManager for type HighLevelGpuProgram
06:36:37: Unregistering ResourceManager for type GpuProgram
06:36:37: ********************************************
***  Stopping Mac OS X OpenGL Subsystem  ***
********************************************
06:36:37: Unregistering ResourceManager for type Texture
06:36:37: Unregistering ResourceManager for type Material
