01:08:45: Creating resource group General
01:08:45: Creating resource group Internal
01:08:45: Creating resource group Autodetect
01:08:45: SceneManagerFactory for type 'DefaultSceneManager' registered.
01:08:45: Registering ResourceManager for type Material
01:08:45: Registering ResourceManager for type Mesh
01:08:45: Registering ResourceManager for type Skeleton
01:08:45: MovableObjectFactory for type 'ParticleSystem' registered.
01:08:45: OverlayElementFactory for type Panel registered.
01:08:45: OverlayElementFactory for type BorderPanel registered.
01:08:45: OverlayElementFactory for type TextArea registered.
01:08:45: Registering ResourceManager for type Font
01:08:45: ArchiveFactory for archive type FileSystem registered.
01:08:45: ArchiveFactory for archive type Zip registered.
01:08:45: DDS codec registering
01:08:45: FreeImage version: 3.15.0
01:08:45: This program uses FreeImage, a free, open source image library supporting all common bitmap formats. See http://freeimage.sourceforge.net for details
01:08:45: Supported formats: bmp,ico,jpg,jif,jpeg,jpe,jng,koa,iff,lbm,mng,pbm,pbm,pcd,pcx,pgm,pgm,png,ppm,ppm,ras,tga,targa,tif,tiff,wap,wbmp,wbm,psd,cut,xbm,xpm,gif,hdr,g3,sgi,exr,j2k,j2c,jp2,pfm,pct,pict,pic,3fr,arw,bay,bmq,cap,cine,cr2,crw,cs1,dc2,dcr,drf,dsc,dng,erf,fff,ia,iiq,k25,kc2,kdc,mdc,mef,mos,mrw,nef,nrw,orf,pef,ptx,pxn,qtk,raf,raw,rdc,rw2,rwl,rwz,sr2,srf,sti
01:08:45: Registering ResourceManager for type HighLevelGpuProgram
01:08:45: Registering ResourceManager for type Compositor
01:08:45: MovableObjectFactory for type 'Entity' registered.
01:08:45: MovableObjectFactory for type 'Light' registered.
01:08:45: MovableObjectFactory for type 'BillboardSet' registered.
01:08:45: MovableObjectFactory for type 'ManualObject' registered.
01:08:45: MovableObjectFactory for type 'BillboardChain' registered.
01:08:45: MovableObjectFactory for type 'RibbonTrail' registered.
01:08:45: *-*-* OGRE Initialising
01:08:45: *-*-* Version 1.7.3 (Cthugha)
01:08:45: Installing plugin: GL RenderSystem
01:08:45: OpenGL Rendering Subsystem created.
01:08:45: Plugin successfully installed
01:08:45: Installing plugin: Octree & Terrain Scene Manager
01:08:45: Plugin successfully installed
01:08:45: CPU Identifier & Features
01:08:45: -------------------------
01:08:45:  *   CPU ID: GenuineIntel: Intel(R) Core(TM) i5-2557M CPU @ 1.70GHz
01:08:45:  *      SSE: yes
01:08:45:  *     SSE2: yes
01:08:45:  *     SSE3: yes
01:08:45:  *      MMX: yes
01:08:45:  *   MMXEXT: yes
01:08:45:  *    3DNOW: no
01:08:45:  * 3DNOWEXT: no
01:08:45:  *     CMOV: yes
01:08:45:  *      TSC: yes
01:08:45:  *      FPU: yes
01:08:45:  *      PRO: yes
01:08:45:  *       HT: no
01:08:45: -------------------------
01:08:45: ********************************************
***  Starting Mac OS X OpenGL Subsystem  ***
********************************************
01:08:45: Creating resource group HandRenderer RenderTexture Resources
01:08:45: Initialising resource group HandRenderer RenderTexture Resources
01:08:45: Parsing scripts for resource group HandRenderer RenderTexture Resources
01:08:45: Finished parsing scripts for resource group HandRenderer RenderTexture Resources
01:08:45: GLRenderSystem::_createRenderWindow "HandRenderer Window", 1x1 windowed  miscParams: macAPI=cocoa 
01:08:45: Creating a Cocoa Compatible Render System
01:08:45: GL_VERSION = 2.1 APPLE-7.14.5
01:08:45: GL_VENDOR = Intel Inc.
01:08:45: GL_RENDERER = Intel HD Graphics 3000 OpenGL Engine
01:08:45: GL_EXTENSIONS = GL_ARB_color_buffer_float GL_ARB_depth_buffer_float GL_ARB_depth_clamp GL_ARB_depth_texture GL_ARB_draw_buffers GL_ARB_draw_elements_base_vertex GL_ARB_draw_instanced GL_ARB_fragment_program GL_ARB_fragment_program_shadow GL_ARB_fragment_shader GL_ARB_framebuffer_object GL_ARB_framebuffer_sRGB GL_ARB_half_float_pixel GL_ARB_half_float_vertex GL_ARB_instanced_arrays GL_ARB_multisample GL_ARB_multitexture GL_ARB_occlusion_query GL_ARB_pixel_buffer_object GL_ARB_point_parameters GL_ARB_point_sprite GL_ARB_provoking_vertex GL_ARB_seamless_cube_map GL_ARB_shader_objects GL_ARB_shader_texture_lod GL_ARB_shading_language_100 GL_ARB_shadow GL_ARB_sync GL_ARB_texture_border_clamp GL_ARB_texture_compression GL_ARB_texture_compression_rgtc GL_ARB_texture_cube_map GL_ARB_texture_env_add GL_ARB_texture_env_combine GL_ARB_texture_env_crossbar GL_ARB_texture_env_dot3 GL_ARB_texture_float GL_ARB_texture_mirrored_repeat GL_ARB_texture_non_power_of_two GL_ARB_texture_rectangle GL_ARB_texture_rg GL_ARB_transpose_matrix GL_ARB_vertex_array_bgra GL_ARB_vertex_blend GL_ARB_vertex_buffer_object GL_ARB_vertex_program GL_ARB_vertex_shader GL_ARB_window_pos GL_EXT_abgr GL_EXT_bgra GL_EXT_blend_color GL_EXT_blend_equation_separate GL_EXT_blend_func_separate GL_EXT_blend_minmax GL_EXT_blend_subtract GL_EXT_clip_volume_hint GL_EXT_draw_buffers2 GL_EXT_draw_range_elements GL_EXT_fog_coord GL_EXT_framebuffer_blit GL_EXT_framebuffer_multisample GL_EXT_framebuffer_object GL_EXT_framebuffer_sRGB GL_EXT_geometry_shader4 GL_EXT_gpu_program_parameters GL_EXT_gpu_shader4 GL_EXT_multi_draw_arrays GL_EXT_packed_depth_stencil GL_EXT_packed_float GL_EXT_provoking_vertex GL_EXT_rescale_normal GL_EXT_secondary_color GL_EXT_separate_specular_color GL_EXT_shadow_funcs GL_EXT_stencil_two_side GL_EXT_stencil_wrap GL_EXT_texture_array GL_EXT_texture_compression_dxt1 GL_EXT_texture_compression_s3tc GL_EXT_texture_env_add GL_EXT_texture_filter_anisotropic GL_EXT_texture_integer GL_EXT_texture_lod_bias GL_EXT_texture_rectangle GL_EXT_texture_shared_exponent GL_EXT_texture_sRGB GL_EXT_texture_sRGB_decode GL_EXT_timer_query GL_EXT_transform_feedback GL_EXT_vertex_array_bgra GL_APPLE_aux_depth_stencil GL_APPLE_client_storage GL_APPLE_element_array GL_APPLE_fence GL_APPLE_float_pixels GL_APPLE_flush_buffer_range GL_APPLE_flush_render GL_APPLE_object_purgeable GL_APPLE_packed_pixels GL_APPLE_pixel_buffer GL_APPLE_rgb_422 GL_APPLE_row_bytes GL_APPLE_specular_vector GL_APPLE_texture_range GL_APPLE_transform_hint GL_APPLE_vertex_array_object GL_APPLE_vertex_array_range GL_APPLE_vertex_point_size GL_APPLE_vertex_program_evaluators GL_APPLE_ycbcr_422 GL_ATI_separate_stencil GL_ATI_texture_env_combine3 GL_ATI_texture_float GL_IBM_rasterpos_clip GL_NV_blend_square GL_NV_conditional_render GL_NV_depth_clamp GL_NV_fog_distance GL_NV_light_max_exponent GL_NV_texgen_reflection GL_SGIS_generate_mipmap GL_SGIS_texture_edge_clamp GL_SGIS_texture_lod 
01:08:45: ***************************
01:08:45: *** GL Renderer Started ***
01:08:45: ***************************
01:08:45: Registering ResourceManager for type GpuProgram
01:08:45: GLSL support detected
01:08:45: GL: Using GL_EXT_framebuffer_object for rendering to textures (best)
01:08:45: FBO PF_UNKNOWN depth/stencil support: D0S1 D0S4 D0S8 D0S16 D16S0 D24S0 D32S0 Packed-D24S8 
01:08:45: FBO PF_R5G6B5 depth/stencil support: D0S0 D0S1 D0S4 D0S8 D0S16 D16S0 D24S0 D32S0 Packed-D24S8 
01:08:45: FBO PF_B5G6R5 depth/stencil support: D0S0 D0S1 D0S4 D0S8 D0S16 D16S0 D24S0 D32S0 Packed-D24S8 
01:08:45: FBO PF_A4R4G4B4 depth/stencil support: D0S0 D0S1 D0S4 D0S8 D0S16 D16S0 D24S0 D32S0 Packed-D24S8 
01:08:45: FBO PF_A1R5G5B5 depth/stencil support: D0S0 D0S1 D0S4 D0S8 D0S16 D16S0 D24S0 D32S0 Packed-D24S8 
01:08:45: FBO PF_R8G8B8 depth/stencil support: D0S0 D0S1 D0S4 D0S8 D0S16 D16S0 D24S0 D32S0 Packed-D24S8 
01:08:45: FBO PF_B8G8R8 depth/stencil support: D0S0 D0S1 D0S4 D0S8 D0S16 D16S0 D24S0 D32S0 Packed-D24S8 
01:08:45: FBO PF_A8R8G8B8 depth/stencil support: D0S0 D0S1 D0S4 D0S8 D0S16 D16S0 D24S0 D32S0 Packed-D24S8 
01:08:45: FBO PF_B8G8R8A8 depth/stencil support: D0S0 D0S1 D0S4 D0S8 D0S16 D16S0 D24S0 D32S0 Packed-D24S8 
01:08:45: FBO PF_A2R10G10B10 depth/stencil support: D0S0 D0S1 D0S4 D0S8 D0S16 D16S0 D24S0 D32S0 Packed-D24S8 
01:08:45: FBO PF_A2B10G10R10 depth/stencil support: D0S0 D0S1 D0S4 D0S8 D0S16 D16S0 D24S0 D32S0 Packed-D24S8 
01:08:45: FBO PF_FLOAT16_RGB depth/stencil support: D0S0 D0S1 D0S4 D0S8 D0S16 D16S0 D24S0 D32S0 Packed-D24S8 
01:08:45: FBO PF_FLOAT16_RGBA depth/stencil support: D0S0 D0S1 D0S4 D0S8 D0S16 D16S0 D24S0 D32S0 Packed-D24S8 
01:08:45: FBO PF_FLOAT32_RGB depth/stencil support: D0S0 D0S1 D0S4 D0S8 D0S16 D16S0 D24S0 D32S0 Packed-D24S8 
01:08:45: FBO PF_FLOAT32_RGBA depth/stencil support: D0S0 D0S1 D0S4 D0S8 D0S16 D16S0 D24S0 D32S0 Packed-D24S8 
01:08:45: FBO PF_X8R8G8B8 depth/stencil support: D0S0 D0S1 D0S4 D0S8 D0S16 D16S0 D24S0 D32S0 Packed-D24S8 
01:08:45: FBO PF_X8B8G8R8 depth/stencil support: D0S0 D0S1 D0S4 D0S8 D0S16 D16S0 D24S0 D32S0 Packed-D24S8 
01:08:45: FBO PF_SHORT_RGBA depth/stencil support: D0S0 D0S1 D0S4 D0S8 D0S16 D16S0 D24S0 D32S0 Packed-D24S8 
01:08:45: FBO PF_R3G3B2 depth/stencil support: D0S0 D0S1 D0S4 D0S8 D0S16 D16S0 D24S0 D32S0 Packed-D24S8 
01:08:45: [GL] : Valid FBO targets PF_UNKNOWN PF_R5G6B5 PF_B5G6R5 PF_A4R4G4B4 PF_A1R5G5B5 PF_R8G8B8 PF_B8G8R8 PF_A8R8G8B8 PF_B8G8R8A8 PF_A2R10G10B10 PF_A2B10G10R10 PF_FLOAT16_RGB PF_FLOAT16_RGBA PF_FLOAT32_RGB PF_FLOAT32_RGBA PF_X8R8G8B8 PF_X8B8G8R8 PF_SHORT_RGBA PF_R3G3B2 
01:08:45: RenderSystem capabilities
01:08:45: -------------------------
01:08:45: RenderSystem Name: OpenGL Rendering Subsystem
01:08:45: GPU Vendor: intel
01:08:45: Device Name: Intel HD Graphics 3000 OpenGL Engine
01:08:45: Driver Version: 2.1.0.0
01:08:45:  * Fixed function pipeline: yes
01:08:45:  * Hardware generation of mipmaps: no
01:08:45:  * Texture blending: yes
01:08:45:  * Anisotropic texture filtering: yes
01:08:45:  * Dot product texture operation: yes
01:08:45:  * Cube mapping: yes
01:08:45:  * Hardware stencil buffer: yes
01:08:45:    - Stencil depth: 8
01:08:45:    - Two sided stencil support: yes
01:08:45:    - Wrap stencil values: yes
01:08:45:  * Hardware vertex / index buffers: yes
01:08:45:  * Vertex programs: yes
01:08:45:  * Number of floating-point constants for vertex programs: 1024
01:08:45:  * Number of integer constants for vertex programs: 0
01:08:45:  * Number of boolean constants for vertex programs: 0
01:08:45:  * Fragment programs: yes
01:08:45:  * Number of floating-point constants for fragment programs: 1024
01:08:45:  * Number of integer constants for fragment programs: 0
01:08:45:  * Number of boolean constants for fragment programs: 0
01:08:45:  * Geometry programs: yes
01:08:45:  * Number of floating-point constants for geometry programs: 32767
01:08:45:  * Number of integer constants for geometry programs: 0
01:08:45:  * Number of boolean constants for geometry programs: 0
01:08:45:  * Supported Shader Profiles: arbfp1 arbvp1 glsl gp4gp gpu_gp nvgp4
01:08:45:  * Texture Compression: yes
01:08:45:    - DXT: yes
01:08:45:    - VTC: no
01:08:45:    - PVRTC: no
01:08:45:  * Scissor Rectangle: yes
01:08:45:  * Hardware Occlusion Query: yes
01:08:45:  * User clip planes: yes
01:08:45:  * VET_UBYTE4 vertex element type: yes
01:08:45:  * Infinite far plane projection: yes
01:08:45:  * Hardware render-to-texture: yes
01:08:45:  * Floating point textures: yes
01:08:45:  * Non-power-of-two textures: yes
01:08:45:  * Volume textures: yes
01:08:45:  * Multiple Render Targets: 8
01:08:45:    - With different bit depths: yes
01:08:45:  * Point Sprites: yes
01:08:45:  * Extended point parameters: yes
01:08:45:  * Max Point Size: 64
01:08:45:  * Vertex texture fetch: yes
01:08:45:  * Number of world matrices: 0
01:08:45:  * Number of texture units: 16
01:08:45:  * Stencil buffer depth: 8
01:08:45:  * Number of vertex blend matrices: 0
01:08:45:    - Max vertex textures: 16
01:08:45:    - Vertex textures shared: yes
01:08:45:  * Render to Vertex Buffer : no
01:08:45:  * GL 1.5 without VBO workaround: no
01:08:45:  * Frame Buffer objects: yes
01:08:45:  * Frame Buffer objects (ARB extension): no
01:08:45:  * Frame Buffer objects (ATI extension): no
01:08:45:  * PBuffer support: yes
01:08:45:  * GL 1.5 without HW-occlusion workaround: no
01:08:45: Registering ResourceManager for type Texture
01:08:45: DefaultWorkQueue('Root') initialising on thread 0x120ea20b0.
01:08:45: DefaultWorkQueue('Root')::WorkerFunc - thread 0x125c32ff0 starting.
01:08:45: DefaultWorkQueue('Root')::WorkerFunc - thread 0x125c32c10 starting.
01:08:45: DefaultWorkQueue('Root')::WorkerFunc - thread 0x125c35800 starting.
01:08:45: DefaultWorkQueue('Root')::WorkerFunc - thread 0x125c359f0 starting.
01:08:45: Particle Renderer Type 'billboard' registered
01:08:45: SceneManagerFactory for type 'OctreeSceneManager' registered.
01:08:45: SceneManagerFactory for type 'TerrainSceneManager' registered.
01:08:52: Creating resource group HandRenderer Scene Resources
01:08:52: Added resource location '/Users/marin/src/hand3/hand_model/ogre' of type 'FileSystem' to resource group 'HandRenderer Scene Resources'
01:08:52: Initialising resource group HandRenderer Scene Resources
01:08:52: Parsing scripts for resource group HandRenderer Scene Resources
01:08:52: Parsing script blackness.material
01:08:52: Parsing script skin.material
01:08:52: Finished parsing scripts for resource group HandRenderer Scene Resources
01:08:52: Loading resource group 'HandRenderer Scene Resources' - Resources: 1 World Geometry: 1
01:08:52: Texture: hand_texture.png: Loading 1 faces(PF_R8G8B8,2048x2048x1) with 11 generated mipmaps from Image. Internal format is PF_X8R8G8B8,2048x2048x1.
01:08:52: Finished loading resource group HandRenderer Scene Resources
01:08:53: [DotSceneLoader] Parsing dotScene file with version 1.0.1
01:08:53: Mesh: Loading hand.mesh.
01:08:53: Skeleton: Loading hand.skeleton
01:08:53: WARNING: the mesh 'hand.mesh' includes vertices with more than 4 bone assignments. The lowest weighted assignments beyond this limit have been removed, so your animation may look slightly different. To eliminate this, reduce the number of bone assignments per vertex on your mesh to 4.
01:09:37: Destroying resource group HandRenderer Scene Resources
01:09:37: Unloading resource group HandRenderer Scene Resources
01:09:37: Finished unloading resource group HandRenderer Scene Resources
01:09:37: Creating resource group HandRenderer Scene Resources
01:09:37: Added resource location '/Users/marin/src/hand3/hand_model/ogre' of type 'FileSystem' to resource group 'HandRenderer Scene Resources'
01:09:37: Initialising resource group HandRenderer Scene Resources
01:09:37: Parsing scripts for resource group HandRenderer Scene Resources
01:09:37: Parsing script blackness.material
01:09:37: Parsing script skin.material
01:09:37: Finished parsing scripts for resource group HandRenderer Scene Resources
01:09:37: Loading resource group 'HandRenderer Scene Resources' - Resources: 1 World Geometry: 1
01:09:37: Texture: hand_texture.png: Loading 1 faces(PF_R8G8B8,2048x2048x1) with 11 generated mipmaps from Image. Internal format is PF_X8R8G8B8,2048x2048x1.
01:09:37: Finished loading resource group HandRenderer Scene Resources
01:09:37: [DotSceneLoader] Parsing dotScene file with version 1.0.1
01:09:37: Mesh: Loading hand.mesh.
01:09:37: Skeleton: Loading hand.skeleton
01:09:37: WARNING: the mesh 'hand.mesh' includes vertices with more than 4 bone assignments. The lowest weighted assignments beyond this limit have been removed, so your animation may look slightly different. To eliminate this, reduce the number of bone assignments per vertex on your mesh to 4.
01:10:10: Destroying resource group HandRenderer Scene Resources
01:10:10: Unloading resource group HandRenderer Scene Resources
01:10:10: Finished unloading resource group HandRenderer Scene Resources
01:10:10: Creating resource group HandRenderer Scene Resources
01:10:10: Added resource location '/Users/marin/src/hand3/hand_model/ogre' of type 'FileSystem' to resource group 'HandRenderer Scene Resources'
01:10:10: Initialising resource group HandRenderer Scene Resources
01:10:10: Parsing scripts for resource group HandRenderer Scene Resources
01:10:10: Parsing script blackness.material
01:10:10: Parsing script skin.material
01:10:10: Finished parsing scripts for resource group HandRenderer Scene Resources
01:10:10: Loading resource group 'HandRenderer Scene Resources' - Resources: 1 World Geometry: 1
01:10:10: Texture: hand_texture.png: Loading 1 faces(PF_R8G8B8,2048x2048x1) with 11 generated mipmaps from Image. Internal format is PF_X8R8G8B8,2048x2048x1.
01:10:10: Finished loading resource group HandRenderer Scene Resources
01:10:10: [DotSceneLoader] Parsing dotScene file with version 1.0.1
01:10:10: Mesh: Loading hand.mesh.
01:10:10: Skeleton: Loading hand.skeleton
01:10:10: WARNING: the mesh 'hand.mesh' includes vertices with more than 4 bone assignments. The lowest weighted assignments beyond this limit have been removed, so your animation may look slightly different. To eliminate this, reduce the number of bone assignments per vertex on your mesh to 4.
01:11:22: Destroying resource group HandRenderer Scene Resources
01:11:22: Unloading resource group HandRenderer Scene Resources
01:11:22: Finished unloading resource group HandRenderer Scene Resources
01:11:22: Creating resource group HandRenderer Scene Resources
01:11:22: Added resource location '/Users/marin/src/hand3/hand_model/ogre' of type 'FileSystem' to resource group 'HandRenderer Scene Resources'
01:11:22: Initialising resource group HandRenderer Scene Resources
01:11:22: Parsing scripts for resource group HandRenderer Scene Resources
01:11:22: Parsing script blackness.material
01:11:22: Parsing script skin.material
01:11:22: Finished parsing scripts for resource group HandRenderer Scene Resources
01:11:22: Loading resource group 'HandRenderer Scene Resources' - Resources: 1 World Geometry: 1
01:11:22: Texture: hand_texture.png: Loading 1 faces(PF_R8G8B8,2048x2048x1) with 11 generated mipmaps from Image. Internal format is PF_X8R8G8B8,2048x2048x1.
01:11:22: Finished loading resource group HandRenderer Scene Resources
01:11:22: [DotSceneLoader] Parsing dotScene file with version 1.0.1
01:11:22: Mesh: Loading hand.mesh.
01:11:22: Skeleton: Loading hand.skeleton
01:11:22: WARNING: the mesh 'hand.mesh' includes vertices with more than 4 bone assignments. The lowest weighted assignments beyond this limit have been removed, so your animation may look slightly different. To eliminate this, reduce the number of bone assignments per vertex on your mesh to 4.
01:11:53: Destroying resource group HandRenderer Scene Resources
01:11:53: Unloading resource group HandRenderer Scene Resources
01:11:53: Finished unloading resource group HandRenderer Scene Resources
01:11:53: Creating resource group HandRenderer Scene Resources
01:11:53: Added resource location '/Users/marin/src/hand3/hand_model/ogre' of type 'FileSystem' to resource group 'HandRenderer Scene Resources'
01:11:53: Initialising resource group HandRenderer Scene Resources
01:11:53: Parsing scripts for resource group HandRenderer Scene Resources
01:11:53: Parsing script blackness.material
01:11:53: Parsing script skin.material
01:11:53: Finished parsing scripts for resource group HandRenderer Scene Resources
01:11:53: Loading resource group 'HandRenderer Scene Resources' - Resources: 1 World Geometry: 1
01:11:53: Texture: hand_texture.png: Loading 1 faces(PF_R8G8B8,2048x2048x1) with 11 generated mipmaps from Image. Internal format is PF_X8R8G8B8,2048x2048x1.
01:11:53: Finished loading resource group HandRenderer Scene Resources
01:11:53: [DotSceneLoader] Parsing dotScene file with version 1.0.1
01:11:53: Mesh: Loading hand.mesh.
01:11:53: Skeleton: Loading hand.skeleton
01:11:53: WARNING: the mesh 'hand.mesh' includes vertices with more than 4 bone assignments. The lowest weighted assignments beyond this limit have been removed, so your animation may look slightly different. To eliminate this, reduce the number of bone assignments per vertex on your mesh to 4.
01:12:32: Destroying resource group HandRenderer Scene Resources
01:12:32: Unloading resource group HandRenderer Scene Resources
01:12:32: Finished unloading resource group HandRenderer Scene Resources
01:12:32: Creating resource group HandRenderer Scene Resources
01:12:32: Added resource location '/Users/marin/src/hand3/hand_model/ogre' of type 'FileSystem' to resource group 'HandRenderer Scene Resources'
01:12:32: Initialising resource group HandRenderer Scene Resources
01:12:32: Parsing scripts for resource group HandRenderer Scene Resources
01:12:32: Parsing script blackness.material
01:12:32: Parsing script skin.material
01:12:32: Finished parsing scripts for resource group HandRenderer Scene Resources
01:12:32: Loading resource group 'HandRenderer Scene Resources' - Resources: 1 World Geometry: 1
01:12:32: Texture: hand_texture.png: Loading 1 faces(PF_R8G8B8,2048x2048x1) with 11 generated mipmaps from Image. Internal format is PF_X8R8G8B8,2048x2048x1.
01:12:32: Finished loading resource group HandRenderer Scene Resources
01:12:32: [DotSceneLoader] Parsing dotScene file with version 1.0.1
01:12:32: Mesh: Loading hand.mesh.
01:12:32: Skeleton: Loading hand.skeleton
01:12:32: WARNING: the mesh 'hand.mesh' includes vertices with more than 4 bone assignments. The lowest weighted assignments beyond this limit have been removed, so your animation may look slightly different. To eliminate this, reduce the number of bone assignments per vertex on your mesh to 4.
01:12:58: Destroying resource group HandRenderer Scene Resources
01:12:58: Unloading resource group HandRenderer Scene Resources
01:12:58: Finished unloading resource group HandRenderer Scene Resources
01:12:58: Creating resource group HandRenderer Scene Resources
01:12:58: Added resource location '/Users/marin/src/hand3/hand_model/ogre' of type 'FileSystem' to resource group 'HandRenderer Scene Resources'
01:12:58: Initialising resource group HandRenderer Scene Resources
01:12:58: Parsing scripts for resource group HandRenderer Scene Resources
01:12:58: Parsing script blackness.material
01:12:58: Parsing script skin.material
01:12:58: Finished parsing scripts for resource group HandRenderer Scene Resources
01:12:58: Loading resource group 'HandRenderer Scene Resources' - Resources: 1 World Geometry: 1
01:12:58: Texture: hand_texture.png: Loading 1 faces(PF_R8G8B8,2048x2048x1) with 11 generated mipmaps from Image. Internal format is PF_X8R8G8B8,2048x2048x1.
01:12:58: Finished loading resource group HandRenderer Scene Resources
01:12:58: [DotSceneLoader] Parsing dotScene file with version 1.0.1
01:12:58: Mesh: Loading hand.mesh.
01:12:58: Skeleton: Loading hand.skeleton
01:12:58: WARNING: the mesh 'hand.mesh' includes vertices with more than 4 bone assignments. The lowest weighted assignments beyond this limit have been removed, so your animation may look slightly different. To eliminate this, reduce the number of bone assignments per vertex on your mesh to 4.
01:13:34: Destroying resource group HandRenderer Scene Resources
01:13:34: Unloading resource group HandRenderer Scene Resources
01:13:34: Finished unloading resource group HandRenderer Scene Resources
01:13:34: Creating resource group HandRenderer Scene Resources
01:13:34: Added resource location '/Users/marin/src/hand3/hand_model/ogre' of type 'FileSystem' to resource group 'HandRenderer Scene Resources'
01:13:34: Initialising resource group HandRenderer Scene Resources
01:13:34: Parsing scripts for resource group HandRenderer Scene Resources
01:13:34: Parsing script blackness.material
01:13:34: Parsing script skin.material
01:13:34: Finished parsing scripts for resource group HandRenderer Scene Resources
01:13:34: Loading resource group 'HandRenderer Scene Resources' - Resources: 1 World Geometry: 1
01:13:34: Texture: hand_texture.png: Loading 1 faces(PF_R8G8B8,2048x2048x1) with 11 generated mipmaps from Image. Internal format is PF_X8R8G8B8,2048x2048x1.
01:13:34: Finished loading resource group HandRenderer Scene Resources
01:13:34: [DotSceneLoader] Parsing dotScene file with version 1.0.1
01:13:34: Mesh: Loading hand.mesh.
01:13:34: Skeleton: Loading hand.skeleton
01:13:34: WARNING: the mesh 'hand.mesh' includes vertices with more than 4 bone assignments. The lowest weighted assignments beyond this limit have been removed, so your animation may look slightly different. To eliminate this, reduce the number of bone assignments per vertex on your mesh to 4.
01:14:03: Destroying resource group HandRenderer Scene Resources
01:14:03: Unloading resource group HandRenderer Scene Resources
01:14:03: Finished unloading resource group HandRenderer Scene Resources
01:14:03: Creating resource group HandRenderer Scene Resources
01:14:03: Added resource location '/Users/marin/src/hand3/hand_model/ogre' of type 'FileSystem' to resource group 'HandRenderer Scene Resources'
01:14:03: Initialising resource group HandRenderer Scene Resources
01:14:03: Parsing scripts for resource group HandRenderer Scene Resources
01:14:03: Parsing script blackness.material
01:14:03: Parsing script skin.material
01:14:03: Finished parsing scripts for resource group HandRenderer Scene Resources
01:14:03: Loading resource group 'HandRenderer Scene Resources' - Resources: 1 World Geometry: 1
01:14:03: Texture: hand_texture.png: Loading 1 faces(PF_R8G8B8,2048x2048x1) with 11 generated mipmaps from Image. Internal format is PF_X8R8G8B8,2048x2048x1.
01:14:03: Finished loading resource group HandRenderer Scene Resources
01:14:03: [DotSceneLoader] Parsing dotScene file with version 1.0.1
01:14:03: Mesh: Loading hand.mesh.
01:14:03: Skeleton: Loading hand.skeleton
01:14:03: WARNING: the mesh 'hand.mesh' includes vertices with more than 4 bone assignments. The lowest weighted assignments beyond this limit have been removed, so your animation may look slightly different. To eliminate this, reduce the number of bone assignments per vertex on your mesh to 4.
01:14:44: Destroying resource group HandRenderer Scene Resources
01:14:44: Unloading resource group HandRenderer Scene Resources
01:14:44: Finished unloading resource group HandRenderer Scene Resources
01:14:44: Creating resource group HandRenderer Scene Resources
01:14:44: Added resource location '/Users/marin/src/hand3/hand_model/ogre' of type 'FileSystem' to resource group 'HandRenderer Scene Resources'
01:14:44: Initialising resource group HandRenderer Scene Resources
01:14:44: Parsing scripts for resource group HandRenderer Scene Resources
01:14:44: Parsing script blackness.material
01:14:44: Parsing script skin.material
01:14:44: Finished parsing scripts for resource group HandRenderer Scene Resources
01:14:44: Loading resource group 'HandRenderer Scene Resources' - Resources: 1 World Geometry: 1
01:14:44: Texture: hand_texture.png: Loading 1 faces(PF_R8G8B8,2048x2048x1) with 11 generated mipmaps from Image. Internal format is PF_X8R8G8B8,2048x2048x1.
01:14:44: Finished loading resource group HandRenderer Scene Resources
01:14:44: [DotSceneLoader] Parsing dotScene file with version 1.0.1
01:14:44: Mesh: Loading hand.mesh.
01:14:44: Skeleton: Loading hand.skeleton
01:14:44: WARNING: the mesh 'hand.mesh' includes vertices with more than 4 bone assignments. The lowest weighted assignments beyond this limit have been removed, so your animation may look slightly different. To eliminate this, reduce the number of bone assignments per vertex on your mesh to 4.
01:16:30: DefaultWorkQueue('Root') shutting down on thread 0x120ea20b0.
01:16:30: DefaultWorkQueue('Root')::WorkerFunc - thread 0x125c35800 stopped.
01:16:30: DefaultWorkQueue('Root')::WorkerFunc - thread 0x125c32ff0 stopped.
01:16:30: DefaultWorkQueue('Root')::WorkerFunc - thread 0x125c359f0 stopped.
01:16:30: DefaultWorkQueue('Root')::WorkerFunc - thread 0x125c32c10 stopped.
01:16:30: *-*-* OGRE Shutdown
01:16:30: Unregistering ResourceManager for type Compositor
01:16:30: Unregistering ResourceManager for type Font
01:16:30: Unregistering ResourceManager for type Skeleton
01:16:30: Unregistering ResourceManager for type Mesh
01:16:30: Unregistering ResourceManager for type HighLevelGpuProgram
01:16:30: Unregistering ResourceManager for type GpuProgram
01:16:30: ********************************************
***  Stopping Mac OS X OpenGL Subsystem  ***
********************************************
01:16:30: Unregistering ResourceManager for type Texture
01:16:30: Unregistering ResourceManager for type Material
