00:23:53: Creating resource group General
00:23:53: Creating resource group Internal
00:23:53: Creating resource group Autodetect
00:23:53: SceneManagerFactory for type 'DefaultSceneManager' registered.
00:23:53: Registering ResourceManager for type Material
00:23:53: Registering ResourceManager for type Mesh
00:23:53: Registering ResourceManager for type Skeleton
00:23:53: MovableObjectFactory for type 'ParticleSystem' registered.
00:23:53: OverlayElementFactory for type Panel registered.
00:23:53: OverlayElementFactory for type BorderPanel registered.
00:23:53: OverlayElementFactory for type TextArea registered.
00:23:53: Registering ResourceManager for type Font
00:23:53: ArchiveFactory for archive type FileSystem registered.
00:23:53: ArchiveFactory for archive type Zip registered.
00:23:53: DDS codec registering
00:23:53: FreeImage version: 3.15.0
00:23:53: This program uses FreeImage, a free, open source image library supporting all common bitmap formats. See http://freeimage.sourceforge.net for details
00:23:53: Supported formats: bmp,ico,jpg,jif,jpeg,jpe,jng,koa,iff,lbm,mng,pbm,pbm,pcd,pcx,pgm,pgm,png,ppm,ppm,ras,tga,targa,tif,tiff,wap,wbmp,wbm,psd,cut,xbm,xpm,gif,hdr,g3,sgi,exr,j2k,j2c,jp2,pfm,pct,pict,pic,3fr,arw,bay,bmq,cap,cine,cr2,crw,cs1,dc2,dcr,drf,dsc,dng,erf,fff,ia,iiq,k25,kc2,kdc,mdc,mef,mos,mrw,nef,nrw,orf,pef,ptx,pxn,qtk,raf,raw,rdc,rw2,rwl,rwz,sr2,srf,sti
00:23:53: Registering ResourceManager for type HighLevelGpuProgram
00:23:53: Registering ResourceManager for type Compositor
00:23:53: MovableObjectFactory for type 'Entity' registered.
00:23:53: MovableObjectFactory for type 'Light' registered.
00:23:53: MovableObjectFactory for type 'BillboardSet' registered.
00:23:53: MovableObjectFactory for type 'ManualObject' registered.
00:23:53: MovableObjectFactory for type 'BillboardChain' registered.
00:23:53: MovableObjectFactory for type 'RibbonTrail' registered.
00:23:53: *-*-* OGRE Initialising
00:23:53: *-*-* Version 1.7.3 (Cthugha)
00:23:53: Installing plugin: GL RenderSystem
00:23:53: OpenGL Rendering Subsystem created.
00:23:53: Plugin successfully installed
00:23:53: Installing plugin: Octree & Terrain Scene Manager
00:23:53: Plugin successfully installed
00:23:53: CPU Identifier & Features
00:23:53: -------------------------
00:23:53:  *   CPU ID: GenuineIntel: Intel(R) Core(TM) i7-2820QM CPU @ 2.30GHz
00:23:53:  *      SSE: yes
00:23:53:  *     SSE2: yes
00:23:53:  *     SSE3: yes
00:23:53:  *      MMX: yes
00:23:53:  *   MMXEXT: yes
00:23:53:  *    3DNOW: no
00:23:53:  * 3DNOWEXT: no
00:23:53:  *     CMOV: yes
00:23:53:  *      TSC: yes
00:23:53:  *      FPU: yes
00:23:53:  *      PRO: yes
00:23:53:  *       HT: no
00:23:53: -------------------------
00:23:53: ********************************************
***  Starting Mac OS X OpenGL Subsystem  ***
********************************************
00:23:53: Creating resource group HandRenderer RenderTexture Resources
00:23:53: Initialising resource group HandRenderer RenderTexture Resources
00:23:53: Parsing scripts for resource group HandRenderer RenderTexture Resources
00:23:53: Finished parsing scripts for resource group HandRenderer RenderTexture Resources
00:23:53: GLRenderSystem::_createRenderWindow "HandRenderer Window", 1x1 windowed  miscParams: macAPI=cocoa 
00:23:53: Creating a Cocoa Compatible Render System
00:23:53: GL_VERSION = 2.1 ATI-1.6.38
00:23:53: GL_VENDOR = ATI Technologies Inc.
00:23:53: GL_RENDERER = ATI Radeon HD 6750M OpenGL Engine
00:23:53: GL_EXTENSIONS = GL_ARB_transpose_matrix GL_ARB_vertex_program GL_ARB_vertex_blend GL_ARB_window_pos GL_ARB_shader_objects GL_ARB_vertex_shader GL_ARB_shading_language_100 GL_EXT_multi_draw_arrays GL_EXT_clip_volume_hint GL_EXT_rescale_normal GL_EXT_draw_range_elements GL_EXT_fog_coord GL_EXT_gpu_program_parameters GL_EXT_geometry_shader4 GL_EXT_transform_feedback GL_APPLE_client_storage GL_APPLE_specular_vector GL_APPLE_transform_hint GL_APPLE_packed_pixels GL_APPLE_fence GL_APPLE_vertex_array_object GL_APPLE_vertex_program_evaluators GL_APPLE_element_array GL_APPLE_flush_render GL_APPLE_aux_depth_stencil GL_NV_texgen_reflection GL_NV_light_max_exponent GL_IBM_rasterpos_clip GL_SGIS_generate_mipmap GL_ARB_imaging GL_ARB_point_parameters GL_ARB_texture_env_crossbar GL_ARB_texture_border_clamp GL_ARB_multitexture GL_ARB_texture_env_add GL_ARB_texture_cube_map GL_ARB_texture_env_dot3 GL_ARB_multisample GL_ARB_texture_env_combine GL_ARB_texture_compression GL_ARB_texture_mirrored_repeat GL_ARB_shadow GL_ARB_depth_texture GL_ARB_shadow_ambient GL_ARB_fragment_program GL_ARB_fragment_program_shadow GL_ARB_fragment_shader GL_ARB_occlusion_query GL_ARB_point_sprite GL_ARB_texture_non_power_of_two GL_ARB_vertex_buffer_object GL_ARB_pixel_buffer_object GL_ARB_draw_buffers GL_ARB_shader_texture_lod GL_ARB_color_buffer_float GL_ARB_half_float_vertex GL_ARB_texture_rg GL_ARB_texture_compression_rgtc GL_ARB_framebuffer_object GL_EXT_compiled_vertex_array GL_EXT_draw_buffers2 GL_EXT_framebuffer_object GL_EXT_framebuffer_blit GL_EXT_framebuffer_multisample GL_EXT_texture_rectangle GL_ARB_texture_rectangle GL_EXT_texture_env_add GL_EXT_blend_color GL_EXT_blend_minmax GL_EXT_blend_subtract GL_EXT_texture_lod_bias GL_EXT_abgr GL_EXT_bgra GL_EXT_stencil_wrap GL_EXT_texture_filter_anisotropic GL_EXT_separate_specular_color GL_EXT_secondary_color GL_EXT_blend_func_separate GL_EXT_shadow_funcs GL_EXT_stencil_two_side GL_EXT_texture_compression_s3tc GL_EXT_texture_compression_dxt1 GL_EXT_texture_sRGB GL_EXT_blend_equation_separate GL_EXT_texture_mirror_clamp GL_EXT_packed_depth_stencil GL_EXT_bindable_uniform GL_EXT_texture_integer GL_EXT_gpu_shader4 GL_EXT_framebuffer_sRGB GL_EXT_provoking_vertex GL_APPLE_flush_buffer_range GL_APPLE_ycbcr_422 GL_APPLE_rgb_422 GL_APPLE_vertex_array_range GL_APPLE_texture_range GL_APPLE_float_pixels GL_ATI_texture_float GL_ARB_texture_float GL_ARB_half_float_pixel GL_APPLE_pixel_buffer GL_APPLE_object_purgeable GL_NV_blend_square GL_NV_fog_distance GL_NV_conditional_render GL_ATI_texture_mirror_once GL_ATI_blend_equation_separate GL_ATI_blend_weighted_minmax GL_ATI_texture_env_combine3 GL_ATI_separate_stencil GL_ATI_texture_compression_3dc GL_SGIS_texture_edge_clamp GL_SGIS_texture_lod GL_SGI_color_matrix GL_EXT_texture_array GL_EXT_vertex_array_bgra GL_ARB_instanced_arrays GL_ARB_depth_buffer_float GL_EXT_packed_float GL_EXT_texture_shared_exponent 
00:23:53: ***************************
00:23:53: *** GL Renderer Started ***
00:23:53: ***************************
00:23:53: Registering ResourceManager for type GpuProgram
00:23:53: GLSL support detected
00:23:53: GL: Using GL_EXT_framebuffer_object for rendering to textures (best)
00:23:53: FBO PF_UNKNOWN depth/stencil support: D0S1 D0S4 D0S8 D0S16 D16S0 D24S0 D32S0 Packed-D24S8 
00:23:53: FBO PF_R5G6B5 depth/stencil support: D0S0 D0S1 D0S4 D0S8 D0S16 D16S0 D24S0 D32S0 Packed-D24S8 
00:23:53: FBO PF_B5G6R5 depth/stencil support: D0S0 D0S1 D0S4 D0S8 D0S16 D16S0 D24S0 D32S0 Packed-D24S8 
00:23:53: FBO PF_A4R4G4B4 depth/stencil support: D0S0 D0S1 D0S4 D0S8 D0S16 D16S0 D24S0 D32S0 Packed-D24S8 
00:23:53: FBO PF_A1R5G5B5 depth/stencil support: D0S0 D0S1 D0S4 D0S8 D0S16 D16S0 D24S0 D32S0 Packed-D24S8 
00:23:53: FBO PF_R8G8B8 depth/stencil support: D0S0 D0S1 D0S4 D0S8 D0S16 D16S0 D24S0 D32S0 Packed-D24S8 
00:23:53: FBO PF_B8G8R8 depth/stencil support: D0S0 D0S1 D0S4 D0S8 D0S16 D16S0 D24S0 D32S0 Packed-D24S8 
00:23:53: FBO PF_A8R8G8B8 depth/stencil support: D0S0 D0S1 D0S4 D0S8 D0S16 D16S0 D24S0 D32S0 Packed-D24S8 
00:23:53: FBO PF_B8G8R8A8 depth/stencil support: D0S0 D0S1 D0S4 D0S8 D0S16 D16S0 D24S0 D32S0 Packed-D24S8 
00:23:53: FBO PF_A2R10G10B10 depth/stencil support: D0S0 D0S1 D0S4 D0S8 D0S16 D16S0 D24S0 D32S0 Packed-D24S8 
00:23:53: FBO PF_A2B10G10R10 depth/stencil support: D0S0 D0S1 D0S4 D0S8 D0S16 D16S0 D24S0 D32S0 Packed-D24S8 
00:23:53: FBO PF_FLOAT16_RGB depth/stencil support: D0S0 D0S1 D0S4 D0S8 D0S16 D16S0 D24S0 D32S0 Packed-D24S8 
00:23:53: FBO PF_FLOAT16_RGBA depth/stencil support: D0S0 D0S1 D0S4 D0S8 D0S16 D16S0 D24S0 D32S0 Packed-D24S8 
00:23:53: FBO PF_FLOAT32_RGB depth/stencil support: D0S0 D0S1 D0S4 D0S8 D0S16 D16S0 D24S0 D32S0 Packed-D24S8 
00:23:53: FBO PF_FLOAT32_RGBA depth/stencil support: D0S0 D0S1 D0S4 D0S8 D0S16 D16S0 D24S0 D32S0 Packed-D24S8 
00:23:53: FBO PF_X8R8G8B8 depth/stencil support: D0S0 D0S1 D0S4 D0S8 D0S16 D16S0 D24S0 D32S0 Packed-D24S8 
00:23:53: FBO PF_X8B8G8R8 depth/stencil support: D0S0 D0S1 D0S4 D0S8 D0S16 D16S0 D24S0 D32S0 Packed-D24S8 
00:23:53: FBO PF_SHORT_RGBA depth/stencil support: D0S0 D0S1 D0S4 D0S8 D0S16 D16S0 D24S0 D32S0 Packed-D24S8 
00:23:53: FBO PF_R3G3B2 depth/stencil support: D0S0 D0S1 D0S4 D0S8 D0S16 D16S0 D24S0 D32S0 Packed-D24S8 
00:23:53: FBO PF_SHORT_RGB depth/stencil support: D0S0 D0S1 D0S4 D0S8 D0S16 D16S0 D24S0 D32S0 Packed-D24S8 
00:23:53: [GL] : Valid FBO targets PF_UNKNOWN PF_R5G6B5 PF_B5G6R5 PF_A4R4G4B4 PF_A1R5G5B5 PF_R8G8B8 PF_B8G8R8 PF_A8R8G8B8 PF_B8G8R8A8 PF_A2R10G10B10 PF_A2B10G10R10 PF_FLOAT16_RGB PF_FLOAT16_RGBA PF_FLOAT32_RGB PF_FLOAT32_RGBA PF_X8R8G8B8 PF_X8B8G8R8 PF_SHORT_RGBA PF_R3G3B2 PF_SHORT_RGB 
00:23:53: RenderSystem capabilities
00:23:53: -------------------------
00:23:53: RenderSystem Name: OpenGL Rendering Subsystem
00:23:53: GPU Vendor: ati
00:23:53: Device Name: ATI Radeon HD 6750M OpenGL Engine
00:23:53: Driver Version: 2.1.0.0
00:23:53:  * Fixed function pipeline: yes
00:23:53:  * Hardware generation of mipmaps: no
00:23:53:  * Texture blending: yes
00:23:53:  * Anisotropic texture filtering: yes
00:23:53:  * Dot product texture operation: yes
00:23:53:  * Cube mapping: yes
00:23:53:  * Hardware stencil buffer: yes
00:23:53:    - Stencil depth: 8
00:23:53:    - Two sided stencil support: yes
00:23:53:    - Wrap stencil values: yes
00:23:53:  * Hardware vertex / index buffers: yes
00:23:53:  * Vertex programs: yes
00:23:53:  * Number of floating-point constants for vertex programs: 1024
00:23:53:  * Number of integer constants for vertex programs: 0
00:23:53:  * Number of boolean constants for vertex programs: 0
00:23:53:  * Fragment programs: yes
00:23:53:  * Number of floating-point constants for fragment programs: 1024
00:23:53:  * Number of integer constants for fragment programs: 0
00:23:53:  * Number of boolean constants for fragment programs: 0
00:23:53:  * Geometry programs: yes
00:23:53:  * Number of floating-point constants for geometry programs: 1024
00:23:53:  * Number of integer constants for geometry programs: 0
00:23:53:  * Number of boolean constants for geometry programs: 0
00:23:53:  * Supported Shader Profiles: arbfp1 arbvp1 glsl gp4gp gpu_gp nvgp4
00:23:53:  * Texture Compression: yes
00:23:53:    - DXT: yes
00:23:53:    - VTC: no
00:23:53:    - PVRTC: no
00:23:53:  * Scissor Rectangle: yes
00:23:53:  * Hardware Occlusion Query: yes
00:23:53:  * User clip planes: yes
00:23:53:  * VET_UBYTE4 vertex element type: yes
00:23:53:  * Infinite far plane projection: yes
00:23:53:  * Hardware render-to-texture: yes
00:23:53:  * Floating point textures: yes
00:23:53:  * Non-power-of-two textures: yes
00:23:53:  * Volume textures: yes
00:23:53:  * Multiple Render Targets: 8
00:23:53:    - With different bit depths: yes
00:23:53:  * Point Sprites: yes
00:23:53:  * Extended point parameters: yes
00:23:53:  * Max Point Size: 64
00:23:53:  * Vertex texture fetch: yes
00:23:53:  * Number of world matrices: 0
00:23:53:  * Number of texture units: 16
00:23:53:  * Stencil buffer depth: 8
00:23:53:  * Number of vertex blend matrices: 0
00:23:53:    - Max vertex textures: 16
00:23:53:    - Vertex textures shared: yes
00:23:53:  * Render to Vertex Buffer : no
00:23:53:  * GL 1.5 without VBO workaround: no
00:23:53:  * Frame Buffer objects: yes
00:23:53:  * Frame Buffer objects (ARB extension): no
00:23:53:  * Frame Buffer objects (ATI extension): no
00:23:53:  * PBuffer support: yes
00:23:53:  * GL 1.5 without HW-occlusion workaround: no
00:23:53: Registering ResourceManager for type Texture
00:23:53: DefaultWorkQueue('Root') initialising on thread 0x103137480.
00:23:53: DefaultWorkQueue('Root')::WorkerFunc - thread 0x103142bf0 starting.
00:23:53: DefaultWorkQueue('Root')::WorkerFunc - thread 0x10314d670 starting.
00:23:53: DefaultWorkQueue('Root')::WorkerFunc - thread 0x10315b480 starting.
00:23:53: DefaultWorkQueue('Root')::WorkerFunc - thread 0x10315ba50 starting.
00:23:53: DefaultWorkQueue('Root')::WorkerFunc - thread 0x10315b860 starting.
00:23:53: DefaultWorkQueue('Root')::WorkerFunc - thread 0x10315b670 starting.
00:23:53: DefaultWorkQueue('Root')::WorkerFunc - thread 0x10315b0a0 starting.
00:23:53: DefaultWorkQueue('Root')::WorkerFunc - thread 0x10315b290 starting.
00:23:53: Particle Renderer Type 'billboard' registered
00:23:53: SceneManagerFactory for type 'OctreeSceneManager' registered.
00:23:53: SceneManagerFactory for type 'TerrainSceneManager' registered.
00:23:53: Creating resource group HandRenderer Scene Resources
00:23:53: Added resource location './hand_mesh' of type 'FileSystem' to resource group 'HandRenderer Scene Resources'
00:23:53: Loading resource group 'HandRenderer Scene Resources' - Resources: 1 World Geometry: 1
00:23:53: Finished loading resource group HandRenderer Scene Resources
00:23:53: OGRE EXCEPTION(6:FileNotFoundException): Cannot locate resource hand_rigged_works_compat.scene in resource group HandRenderer Scene Resources or any other group. in ResourceGroupManager::openResource at /opt/local/var/macports/build/_Users_marin_ports_graphics_ogre/ogre/work/ogre_src_v1-7-3/OgreMain/src/OgreResourceGroupManager.cpp (line 753)
00:23:53: [DotSceneLoader] Error creating TiXmlDocument
